MT_CONF=0
Nthreads: 1  Runtime(sec): 10  Throughput(Kops/sec): 1334.94
MT_CONF=0
Nthreads: 1  Runtime(sec): 10  Throughput(Kops/sec): 321.07
MT_CONF=0
Nthreads: 1  Runtime(sec): 10  Throughput(Kops/sec): 50.23
MT_CONF=0,1
Nthreads: 2  Runtime(sec): 10  Throughput(Kops/sec): 2670.05
MT_CONF=0,1
Nthreads: 2  Runtime(sec): 10  Throughput(Kops/sec): 646.44
MT_CONF=0,1
Nthreads: 2  Runtime(sec): 10  Throughput(Kops/sec): 100.34
MT_CONF=0,1,2,3
Nthreads: 4  Runtime(sec): 10  Throughput(Kops/sec): 5338.57
MT_CONF=0,1,2,3
Nthreads: 4  Runtime(sec): 10  Throughput(Kops/sec): 1294.29
MT_CONF=0,1,2,3
Nthreads: 4  Runtime(sec): 10  Throughput(Kops/sec): 200.38
MT_CONF=0,1,2,3,4,5,6,7
Nthreads: 8  Runtime(sec): 10  Throughput(Kops/sec): 10669.36
MT_CONF=0,1,2,3,4,5,6,7
Nthreads: 8  Runtime(sec): 10  Throughput(Kops/sec): 2580.68
MT_CONF=0,1,2,3,4,5,6,7
Nthreads: 8  Runtime(sec): 10  Throughput(Kops/sec): 401.10
MT_CONF=0,1,2,3,8,9,10,11,12,13,14,15
Nthreads: 12  Runtime(sec): 10  Throughput(Kops/sec): 15990.47
MT_CONF=0,1,2,3,8,9,10,11,12,13,14,15
Nthreads: 12  Runtime(sec): 10  Throughput(Kops/sec): 3874.12
MT_CONF=0,1,2,3,8,9,10,11,12,13,14,15
Nthreads: 12  Runtime(sec): 10  Throughput(Kops/sec): 601.92
MT_CONF=0,1,2,3,4,5,6,7,8,9,10,11,12,13,14,15,16,17,18,19,20,21,22,23,24,25,26,27,28,29,30,31
Nthreads: 32  Runtime(sec): 10  Throughput(Kops/sec): 42661.39
MT_CONF=0,1,2,3,4,5,6,7,8,9,10,11,12,13,14,15,16,17,18,19,20,21,22,23,24,25,26,27,28,29,30,31
Nthreads: 32  Runtime(sec): 10  Throughput(Kops/sec): 10323.02
MT_CONF=0,1,2,3,4,5,6,7,8,9,10,11,12,13,14,15,16,17,18,19,20,21,22,23,24,25,26,27,28,29,30,31
Nthreads: 32  Runtime(sec): 10  Throughput(Kops/sec): 1606.81
MT_CONF=0,1,2,3,4,5,6,7,8,9,10,11,12,13,14,15,16,17,18,19,20,21,22,23,24,25,26,27,28,29,30,31,32,33,34,35,36,37,38,39,40,41,42,43,44,45,46,47,48,49,50,51,52,53,54,55,56,57,58,59,60,61,62,63
Nthreads: 64  Runtime(sec): 10  Throughput(Kops/sec): 66052.92
MT_CONF=0,1,2,3,4,5,6,7,8,9,10,11,12,13,14,15,16,17,18,19,20,21,22,23,24,25,26,27,28,29,30,31,32,33,34,35,36,37,38,39,40,41,42,43,44,45,46,47,48,49,50,51,52,53,54,55,56,57,58,59,60,61,62,63
Nthreads: 64  Runtime(sec): 10  Throughput(Kops/sec): 17570.89
MT_CONF=0,1,2,3,4,5,6,7,8,9,10,11,12,13,14,15,16,17,18,19,20,21,22,23,24,25,26,27,28,29,30,31,32,33,34,35,36,37,38,39,40,41,42,43,44,45,46,47,48,49,50,51,52,53,54,55,56,57,58,59,60,61,62,63
Nthreads: 64  Runtime(sec): 10  Throughput(Kops/sec): 2689.22
MT_CONF=0
Nthreads: 1  Runtime(sec): 10  Throughput(Kops/sec): 1261.02
MT_CONF=0
Nthreads: 1  Runtime(sec): 10  Throughput(Kops/sec): 319.77
MT_CONF=0
Nthreads: 1  Runtime(sec): 10  Throughput(Kops/sec): 50.17
MT_CONF=0,1
Nthreads: 2  Runtime(sec): 10  Throughput(Kops/sec): 2522.00
MT_CONF=0,1
Nthreads: 2  Runtime(sec): 10  Throughput(Kops/sec): 645.13
MT_CONF=0,1
Nthreads: 2  Runtime(sec): 10  Throughput(Kops/sec): 100.55
MT_CONF=0,1,2,3
Nthreads: 4  Runtime(sec): 10  Throughput(Kops/sec): 5044.68
MT_CONF=0,1,2,3
Nthreads: 4  Runtime(sec): 10  Throughput(Kops/sec): 1292.16
MT_CONF=0,1,2,3
Nthreads: 4  Runtime(sec): 10  Throughput(Kops/sec): 200.96
MT_CONF=0,1,2,3,4,5,6,7
Nthreads: 8  Runtime(sec): 10  Throughput(Kops/sec): 10066.95
MT_CONF=0,1,2,3,4,5,6,7
Nthreads: 8  Runtime(sec): 10  Throughput(Kops/sec): 2577.80
MT_CONF=0,1,2,3,4,5,6,7
Nthreads: 8  Runtime(sec): 10  Throughput(Kops/sec): 401.42
MT_CONF=0,1,2,3,8,9,10,11,12,13,14,15
Nthreads: 12  Runtime(sec): 10  Throughput(Kops/sec): 15083.92
MT_CONF=0,1,2,3,8,9,10,11,12,13,14,15
Nthreads: 12  Runtime(sec): 10  Throughput(Kops/sec): 3860.46
MT_CONF=0,1,2,3,8,9,10,11,12,13,14,15
Nthreads: 12  Runtime(sec): 10  Throughput(Kops/sec): 600.03
MT_CONF=0,1,2,3,4,5,6,7,8,9,10,11,12,13,14,15,16,17,18,19,20,21,22,23,24,25,26,27,28,29,30,31
Nthreads: 32  Runtime(sec): 10  Throughput(Kops/sec): 40321.64
MT_CONF=0,1,2,3,4,5,6,7,8,9,10,11,12,13,14,15,16,17,18,19,20,21,22,23,24,25,26,27,28,29,30,31
Nthreads: 32  Runtime(sec): 10  Throughput(Kops/sec): 10313.25
MT_CONF=0,1,2,3,4,5,6,7,8,9,10,11,12,13,14,15,16,17,18,19,20,21,22,23,24,25,26,27,28,29,30,31
Nthreads: 32  Runtime(sec): 10  Throughput(Kops/sec): 1602.31
MT_CONF=0,1,2,3,4,5,6,7,8,9,10,11,12,13,14,15,16,17,18,19,20,21,22,23,24,25,26,27,28,29,30,31,32,33,34,35,36,37,38,39,40,41,42,43,44,45,46,47,48,49,50,51,52,53,54,55,56,57,58,59,60,61,62,63
Nthreads: 64  Runtime(sec): 10  Throughput(Kops/sec): 66620.22
MT_CONF=0,1,2,3,4,5,6,7,8,9,10,11,12,13,14,15,16,17,18,19,20,21,22,23,24,25,26,27,28,29,30,31,32,33,34,35,36,37,38,39,40,41,42,43,44,45,46,47,48,49,50,51,52,53,54,55,56,57,58,59,60,61,62,63
Nthreads: 64  Runtime(sec): 10  Throughput(Kops/sec): 17562.54
MT_CONF=0,1,2,3,4,5,6,7,8,9,10,11,12,13,14,15,16,17,18,19,20,21,22,23,24,25,26,27,28,29,30,31,32,33,34,35,36,37,38,39,40,41,42,43,44,45,46,47,48,49,50,51,52,53,54,55,56,57,58,59,60,61,62,63
Nthreads: 64  Runtime(sec): 10  Throughput(Kops/sec): 2700.94
MT_CONF=0
Nthreads: 1  Runtime(sec): 10  Throughput(Kops/sec): 1284.89
MT_CONF=0
Nthreads: 1  Runtime(sec): 10  Throughput(Kops/sec): 321.28
MT_CONF=0
Nthreads: 1  Runtime(sec): 10  Throughput(Kops/sec): 50.33
MT_CONF=0,1
Nthreads: 2  Runtime(sec): 10  Throughput(Kops/sec): 2536.71
MT_CONF=0,1
Nthreads: 2  Runtime(sec): 10  Throughput(Kops/sec): 399.00
MT_CONF=0,1
Nthreads: 2  Runtime(sec): 10  Throughput(Kops/sec): 51.70
MT_CONF=0,1,2,3
Nthreads: 4  Runtime(sec): 10  Throughput(Kops/sec): 4968.41
MT_CONF=0,1,2,3
Nthreads: 4  Runtime(sec): 10  Throughput(Kops/sec): 382.94
MT_CONF=0,1,2,3
Nthreads: 4  Runtime(sec): 10  Throughput(Kops/sec): 51.61
MT_CONF=0,1,2,3,4,5,6,7
Nthreads: 8  Runtime(sec): 10  Throughput(Kops/sec): 1853.87
MT_CONF=0,1,2,3,4,5,6,7
Nthreads: 8  Runtime(sec): 10  Throughput(Kops/sec): 362.87
MT_CONF=0,1,2,3,4,5,6,7
Nthreads: 8  Runtime(sec): 10  Throughput(Kops/sec): 50.98
MT_CONF=0,1,2,3,8,9,10,11,12,13,14,15
Nthreads: 12  Runtime(sec): 10  Throughput(Kops/sec): 330.63
MT_CONF=0,1,2,3,8,9,10,11,12,13,14,15
Nthreads: 12  Runtime(sec): 10  Throughput(Kops/sec): 201.44
MT_CONF=0,1,2,3,8,9,10,11,12,13,14,15
Nthreads: 12  Runtime(sec): 10  Throughput(Kops/sec): 46.10
MT_CONF=0,1,2,3,4,5,6,7,8,9,10,11,12,13,14,15,16,17,18,19,20,21,22,23,24,25,26,27,28,29,30,31
Nthreads: 32  Runtime(sec): 10  Throughput(Kops/sec): 131.22
MT_CONF=0,1,2,3,4,5,6,7,8,9,10,11,12,13,14,15,16,17,18,19,20,21,22,23,24,25,26,27,28,29,30,31
Nthreads: 32  Runtime(sec): 10  Throughput(Kops/sec): 119.93
MT_CONF=0,1,2,3,4,5,6,7,8,9,10,11,12,13,14,15,16,17,18,19,20,21,22,23,24,25,26,27,28,29,30,31
Nthreads: 32  Runtime(sec): 10  Throughput(Kops/sec): 32.81
MT_CONF=0,1,2,3,4,5,6,7,8,9,10,11,12,13,14,15,16,17,18,19,20,21,22,23,24,25,26,27,28,29,30,31,32,33,34,35,36,37,38,39,40,41,42,43,44,45,46,47,48,49,50,51,52,53,54,55,56,57,58,59,60,61,62,63
Nthreads: 64  Runtime(sec): 10  Throughput(Kops/sec): 146.69
MT_CONF=0,1,2,3,4,5,6,7,8,9,10,11,12,13,14,15,16,17,18,19,20,21,22,23,24,25,26,27,28,29,30,31,32,33,34,35,36,37,38,39,40,41,42,43,44,45,46,47,48,49,50,51,52,53,54,55,56,57,58,59,60,61,62,63
Nthreads: 64  Runtime(sec): 10  Throughput(Kops/sec): 125.66
MT_CONF=0,1,2,3,4,5,6,7,8,9,10,11,12,13,14,15,16,17,18,19,20,21,22,23,24,25,26,27,28,29,30,31,32,33,34,35,36,37,38,39,40,41,42,43,44,45,46,47,48,49,50,51,52,53,54,55,56,57,58,59,60,61,62,63
Nthreads: 64  Runtime(sec): 10  Throughput(Kops/sec): 35.00

