Nthreads, Runtime(sec), Throughput(Kops/sec)
nosync
1, 10, 1259.12, (0)
1, 10, 324.49, (0)
1, 10, 50.30, (0)
2, 10, 2518.38, (0,1)
2, 10, 655.58, (0,1)
2, 10, 100.76, (0,1)
4, 10, 5035.52, (0,1,2,3)
4, 10, 1311.17, (0,1,2,3)
4, 10, 201.50, (0,1,2,3)
8, 10, 10064.23, (0,1,2,3,4,5,6,7)
8, 10, 2613.27, (0,1,2,3,4,5,6,7)
8, 10, 402.15, (0,1,2,3,4,5,6,7)
16, 10, 20090.80, (0,1,2,3,4,5,6,7,8,9,10,11,12,13,14,15)
16, 10, 5235.42, (0,1,2,3,4,5,6,7,8,9,10,11,12,13,14,15)
16, 10, 803.83, (0,1,2,3,4,5,6,7,8,9,10,11,12,13,14,15)
32, 10, 40201.32, (0,1,2,3,4,5,6,7,8,9,10,11,12,13,14,15,16,17,18,19,20,21,22,23,24,25,26,27,28,29,30,31)
32, 10, 10463.38, (0,1,2,3,4,5,6,7,8,9,10,11,12,13,14,15,16,17,18,19,20,21,22,23,24,25,26,27,28,29,30,31)
32, 10, 1604.14, (0,1,2,3,4,5,6,7,8,9,10,11,12,13,14,15,16,17,18,19,20,21,22,23,24,25,26,27,28,29,30,31)
64, 10, 66112.16, (0,1,2,3,4,5,6,7,8,9,10,11,12,13,14,15,16,17,18,19,20,21,22,23,24,25,26,27,28,29,30,31,32,33,34,35,36,37,38,39,40,41,42,43,44,45,46,47,48,49,50,51,52,53,54,55,56,57,58,59,60,61,62,63)
64, 10, 18100.63, (0,1,2,3,4,5,6,7,8,9,10,11,12,13,14,15,16,17,18,19,20,21,22,23,24,25,26,27,28,29,30,31,32,33,34,35,36,37,38,39,40,41,42,43,44,45,46,47,48,49,50,51,52,53,54,55,56,57,58,59,60,61,62,63)
64, 10, 2682.86, (0,1,2,3,4,5,6,7,8,9,10,11,12,13,14,15,16,17,18,19,20,21,22,23,24,25,26,27,28,29,30,31,32,33,34,35,36,37,38,39,40,41,42,43,44,45,46,47,48,49,50,51,52,53,54,55,56,57,58,59,60,61,62,63)
pthread
1, 10, 1262.30, (0)
1, 10, 318.86, (0)
1, 10, 50.16, (0)
2, 10, 2490.15, (0,1)
2, 10, 398.03, (0,1)
2, 10, 51.91, (0,1)
4, 10, 4911.47, (0,1,2,3)
4, 10, 393.68, (0,1,2,3)
4, 10, 51.53, (0,1,2,3)
8, 10, 2673.22, (0,1,2,3,4,5,6,7)
8, 10, 388.36, (0,1,2,3,4,5,6,7)
8, 10, 51.51, (0,1,2,3,4,5,6,7)
16, 10, 595.07, (0,1,2,3,4,5,6,7,8,9,10,11,12,13,14,15)
16, 10, 265.30, (0,1,2,3,4,5,6,7,8,9,10,11,12,13,14,15)
16, 10, 48.11, (0,1,2,3,4,5,6,7,8,9,10,11,12,13,14,15)
32, 10, 207.68, (0,1,2,3,4,5,6,7,8,9,10,11,12,13,14,15,16,17,18,19,20,21,22,23,24,25,26,27,28,29,30,31)
32, 10, 168.18, (0,1,2,3,4,5,6,7,8,9,10,11,12,13,14,15,16,17,18,19,20,21,22,23,24,25,26,27,28,29,30,31)
32, 10, 45.56, (0,1,2,3,4,5,6,7,8,9,10,11,12,13,14,15,16,17,18,19,20,21,22,23,24,25,26,27,28,29,30,31)
64, 10, 432.01, (0,1,2,3,4,5,6,7,8,9,10,11,12,13,14,15,16,17,18,19,20,21,22,23,24,25,26,27,28,29,30,31,32,33,34,35,36,37,38,39,40,41,42,43,44,45,46,47,48,49,50,51,52,53,54,55,56,57,58,59,60,61,62,63)
64, 10, 309.50, (0,1,2,3,4,5,6,7,8,9,10,11,12,13,14,15,16,17,18,19,20,21,22,23,24,25,26,27,28,29,30,31,32,33,34,35,36,37,38,39,40,41,42,43,44,45,46,47,48,49,50,51,52,53,54,55,56,57,58,59,60,61,62,63)
64, 10, 50.39, (0,1,2,3,4,5,6,7,8,9,10,11,12,13,14,15,16,17,18,19,20,21,22,23,24,25,26,27,28,29,30,31,32,33,34,35,36,37,38,39,40,41,42,43,44,45,46,47,48,49,50,51,52,53,54,55,56,57,58,59,60,61,62,63)
tas
1, 10, 1270.42, (0)
1, 10, 319.73, (0)
1, 10, 50.24, (0)
2, 10, 2534.31, (0,1)
2, 10, 398.77, (0,1)
2, 10, 51.85, (0,1)
4, 10, 4978.25, (0,1,2,3)
4, 10, 383.27, (0,1,2,3)
4, 10, 51.50, (0,1,2,3)
8, 10, 1805.19, (0,1,2,3,4,5,6,7)
8, 10, 360.44, (0,1,2,3,4,5,6,7)
8, 10, 51.11, (0,1,2,3,4,5,6,7)
16, 10, 266.13, (0,1,2,3,4,5,6,7,8,9,10,11,12,13,14,15)
16, 10, 180.84, (0,1,2,3,4,5,6,7,8,9,10,11,12,13,14,15)
16, 10, 44.88, (0,1,2,3,4,5,6,7,8,9,10,11,12,13,14,15)
32, 10, 133.61, (0,1,2,3,4,5,6,7,8,9,10,11,12,13,14,15,16,17,18,19,20,21,22,23,24,25,26,27,28,29,30,31)
32, 10, 117.06, (0,1,2,3,4,5,6,7,8,9,10,11,12,13,14,15,16,17,18,19,20,21,22,23,24,25,26,27,28,29,30,31)
32, 10, 35.39, (0,1,2,3,4,5,6,7,8,9,10,11,12,13,14,15,16,17,18,19,20,21,22,23,24,25,26,27,28,29,30,31)
64, 10, 145.65, (0,1,2,3,4,5,6,7,8,9,10,11,12,13,14,15,16,17,18,19,20,21,22,23,24,25,26,27,28,29,30,31,32,33,34,35,36,37,38,39,40,41,42,43,44,45,46,47,48,49,50,51,52,53,54,55,56,57,58,59,60,61,62,63)
64, 10, 126.66, (0,1,2,3,4,5,6,7,8,9,10,11,12,13,14,15,16,17,18,19,20,21,22,23,24,25,26,27,28,29,30,31,32,33,34,35,36,37,38,39,40,41,42,43,44,45,46,47,48,49,50,51,52,53,54,55,56,57,58,59,60,61,62,63)
64, 10, 34.68, (0,1,2,3,4,5,6,7,8,9,10,11,12,13,14,15,16,17,18,19,20,21,22,23,24,25,26,27,28,29,30,31,32,33,34,35,36,37,38,39,40,41,42,43,44,45,46,47,48,49,50,51,52,53,54,55,56,57,58,59,60,61,62,63)
ttas
1, 10, 1304.21, (0)
1, 10, 321.99, (0)
1, 10, 50.23, (0)
2, 10, 2423.62, (0,1)
2, 10, 401.91, (0,1)
2, 10, 51.91, (0,1)
4, 10, 4685.71, (0,1,2,3)
4, 10, 395.12, (0,1,2,3)
4, 10, 51.73, (0,1,2,3)
8, 10, 2606.60, (0,1,2,3,4,5,6,7)
8, 10, 389.04, (0,1,2,3,4,5,6,7)
8, 10, 51.72, (0,1,2,3,4,5,6,7)
16, 10, 637.98, (0,1,2,3,4,5,6,7,8,9,10,11,12,13,14,15)
16, 10, 274.24, (0,1,2,3,4,5,6,7,8,9,10,11,12,13,14,15)
16, 10, 47.02, (0,1,2,3,4,5,6,7,8,9,10,11,12,13,14,15)
32, 10, 223.26, (0,1,2,3,4,5,6,7,8,9,10,11,12,13,14,15,16,17,18,19,20,21,22,23,24,25,26,27,28,29,30,31)
32, 10, 172.99, (0,1,2,3,4,5,6,7,8,9,10,11,12,13,14,15,16,17,18,19,20,21,22,23,24,25,26,27,28,29,30,31)
32, 10, 45.36, (0,1,2,3,4,5,6,7,8,9,10,11,12,13,14,15,16,17,18,19,20,21,22,23,24,25,26,27,28,29,30,31)
64, 10, 400.70, (0,1,2,3,4,5,6,7,8,9,10,11,12,13,14,15,16,17,18,19,20,21,22,23,24,25,26,27,28,29,30,31,32,33,34,35,36,37,38,39,40,41,42,43,44,45,46,47,48,49,50,51,52,53,54,55,56,57,58,59,60,61,62,63)
64, 10, 283.13, (0,1,2,3,4,5,6,7,8,9,10,11,12,13,14,15,16,17,18,19,20,21,22,23,24,25,26,27,28,29,30,31,32,33,34,35,36,37,38,39,40,41,42,43,44,45,46,47,48,49,50,51,52,53,54,55,56,57,58,59,60,61,62,63)
64, 10, 48.18, (0,1,2,3,4,5,6,7,8,9,10,11,12,13,14,15,16,17,18,19,20,21,22,23,24,25,26,27,28,29,30,31,32,33,34,35,36,37,38,39,40,41,42,43,44,45,46,47,48,49,50,51,52,53,54,55,56,57,58,59,60,61,62,63)
array
1, 10, 1283.64, (0)
1, 10, 322.66, (0)
1, 10, 50.18, (0)
2, 10, 2422.71, (0,1)
2, 10, 394.70, (0,1)
2, 10, 51.67, (0,1)
4, 10, 4463.11, (0,1,2,3)
4, 10, 398.12, (0,1,2,3)
4, 10, 51.70, (0,1,2,3)
8, 10, 3452.11, (0,1,2,3,4,5,6,7)
8, 10, 393.22, (0,1,2,3,4,5,6,7)
8, 10, 51.44, (0,1,2,3,4,5,6,7)
16, 10, 836.70, (0,1,2,3,4,5,6,7,8,9,10,11,12,13,14,15)
16, 10, 320.27, (0,1,2,3,4,5,6,7,8,9,10,11,12,13,14,15)
16, 10, 49.12, (0,1,2,3,4,5,6,7,8,9,10,11,12,13,14,15)
32, 10, 519.55, (0,1,2,3,4,5,6,7,8,9,10,11,12,13,14,15,16,17,18,19,20,21,22,23,24,25,26,27,28,29,30,31)
32, 10, 275.46, (0,1,2,3,4,5,6,7,8,9,10,11,12,13,14,15,16,17,18,19,20,21,22,23,24,25,26,27,28,29,30,31)
32, 10, 47.73, (0,1,2,3,4,5,6,7,8,9,10,11,12,13,14,15,16,17,18,19,20,21,22,23,24,25,26,27,28,29,30,31)
64, 10, 308.80, (0,1,2,3,4,5,6,7,8,9,10,11,12,13,14,15,16,17,18,19,20,21,22,23,24,25,26,27,28,29,30,31,32,33,34,35,36,37,38,39,40,41,42,43,44,45,46,47,48,49,50,51,52,53,54,55,56,57,58,59,60,61,62,63)
64, 10, 206.90, (0,1,2,3,4,5,6,7,8,9,10,11,12,13,14,15,16,17,18,19,20,21,22,23,24,25,26,27,28,29,30,31,32,33,34,35,36,37,38,39,40,41,42,43,44,45,46,47,48,49,50,51,52,53,54,55,56,57,58,59,60,61,62,63)
64, 10, 43.99, (0,1,2,3,4,5,6,7,8,9,10,11,12,13,14,15,16,17,18,19,20,21,22,23,24,25,26,27,28,29,30,31,32,33,34,35,36,37,38,39,40,41,42,43,44,45,46,47,48,49,50,51,52,53,54,55,56,57,58,59,60,61,62,63)
