FW,1024,1.5720
FW_SR,1024,512,1.1019
FW_SR,1024,256,0.9084
FW_SR,1024,128,0.7622
FW_SR,1024,64,0.7786
FW_TILED,1024,512,1.1225
FW_TILED,1024,256,0.9071
FW_TILED,1024,128,0.7659
FW_TILED,1024,64,0.7513
FW_TILED_PARALLEL_FOR,1024,512,1.0994
FW_TILED_PARALLEL_FOR,1024,256,0.9005
FW_TILED_PARALLEL_FOR,1024,128,0.7713
FW_TILED_PARALLEL_FOR,1024,64,0.7510
FW_TILED_PARALLEL_TASKS,1024,512,1.1059
FW_TILED_PARALLEL_TASKS,1024,256,0.9069
FW_TILED_PARALLEL_TASKS,1024,128,0.7666
FW_TILED_PARALLEL_TASKS,1024,64,0.7518
FW_SR_SECTIONS,1024,512,1.1015
FW_SR_SECTIONS,1024,256,0.9082
FW_SR_SECTIONS,1024,128,0.7616
FW_SR_SECTIONS,1024,64,0.7785
FW_SR_TASKS,1024,512,1.1009
FW_SR_TASKS,1024,256,0.9081
FW_SR_TASKS,1024,128,0.7589
FW_SR_TASKS,1024,64,0.7784
FW,2048,13.3214
FW_SR,2048,1024,8.6611
FW_SR,2048,512,6.9801
FW_SR,2048,256,6.3978
FW_SR,2048,128,5.6226
FW_SR,2048,64,6.1325
FW_TILED,2048,1024,8.8399
FW_TILED,2048,512,7.0097
FW_TILED,2048,256,6.3333
FW_TILED,2048,128,5.6012
FW_TILED,2048,64,5.9127
FW_TILED_PARALLEL_FOR,2048,1024,8.6486
FW_TILED_PARALLEL_FOR,2048,512,6.9759
FW_TILED_PARALLEL_FOR,2048,256,6.3349
FW_TILED_PARALLEL_FOR,2048,128,5.6761
FW_TILED_PARALLEL_FOR,2048,64,5.9295
FW_TILED_PARALLEL_TASKS,2048,1024,8.6808
FW_TILED_PARALLEL_TASKS,2048,512,6.9813
FW_TILED_PARALLEL_TASKS,2048,256,6.3756
FW_TILED_PARALLEL_TASKS,2048,128,5.5970
FW_TILED_PARALLEL_TASKS,2048,64,5.9379
FW_SR_SECTIONS,2048,1024,8.6594
FW_SR_SECTIONS,2048,512,6.9775
FW_SR_SECTIONS,2048,256,6.3959
FW_SR_SECTIONS,2048,128,5.6737
FW_SR_SECTIONS,2048,64,6.1433
FW_SR_TASKS,2048,1024,8.6522
FW_SR_TASKS,2048,512,6.9721
FW_SR_TASKS,2048,256,6.3853
FW_SR_TASKS,2048,128,5.6101
FW_SR_TASKS,2048,64,6.1439
FW,4096,109.5017
FW_SR,4096,2048,80.3167
FW_SR,4096,1024,53.7773
FW_SR,4096,512,48.4868
FW_SR,4096,256,51.1754
FW_SR,4096,128,43.1566
FW_SR,4096,64,48.7863
FW_TILED,4096,2048,81.4468
FW_TILED,4096,1024,53.9990
FW_TILED,4096,512,48.3112
FW_TILED,4096,256,50.4728
FW_TILED,4096,128,42.5935
FW_TILED,4096,64,47.3013
FW_TILED_PARALLEL_FOR,4096,2048,80.2059
FW_TILED_PARALLEL_FOR,4096,1024,53.6219
FW_TILED_PARALLEL_FOR,4096,512,48.2607
FW_TILED_PARALLEL_FOR,4096,256,50.6711
FW_TILED_PARALLEL_FOR,4096,128,42.5638
FW_TILED_PARALLEL_FOR,4096,64,47.4157
FW_TILED_PARALLEL_TASKS,4096,2048,80.1840
FW_TILED_PARALLEL_TASKS,4096,1024,53.7548
FW_TILED_PARALLEL_TASKS,4096,512,48.3224
FW_TILED_PARALLEL_TASKS,4096,256,50.8233
FW_TILED_PARALLEL_TASKS,4096,128,41.9682
FW_TILED_PARALLEL_TASKS,4096,64,47.4830
FW_SR_SECTIONS,4096,2048,80.1461
FW_SR_SECTIONS,4096,1024,53.7370
FW_SR_SECTIONS,4096,512,48.4552
FW_SR_SECTIONS,4096,256,51.1673
FW_SR_SECTIONS,4096,128,43.7401
FW_SR_SECTIONS,4096,64,48.8606
FW_SR_TASKS,4096,2048,80.0830
FW_SR_TASKS,4096,1024,53.9107
FW_SR_TASKS,4096,512,48.4678
FW_SR_TASKS,4096,256,51.0117
FW_SR_TASKS,4096,128,42.9133
FW_SR_TASKS,4096,64,48.8991
threads,2
FW,1024,1.5718
FW_SR,1024,512,1.1016
FW_SR,1024,256,0.9081
FW_SR,1024,128,0.7684
FW_SR,1024,64,0.7781
FW_TILED,1024,512,1.1219
FW_TILED,1024,256,0.9071
FW_TILED,1024,128,0.7622
FW_TILED,1024,64,0.7488
FW_TILED_PARALLEL_FOR,1024,512,1.4691
FW_TILED_PARALLEL_FOR,1024,256,0.8207
FW_TILED_PARALLEL_FOR,1024,128,0.5237
FW_TILED_PARALLEL_FOR,1024,64,0.4358
FW_TILED_PARALLEL_TASKS,1024,512,1.9119
FW_TILED_PARALLEL_TASKS,1024,256,1.8763
FW_TILED_PARALLEL_TASKS,1024,128,1.6184
FW_TILED_PARALLEL_TASKS,1024,64,2.3961
FW_SR_SECTIONS,1024,512,0.9591
FW_SR_SECTIONS,1024,256,0.6768
FW_SR_SECTIONS,1024,128,0.5282
FW_SR_SECTIONS,1024,64,0.4643
FW_SR_TASKS,1024,512,0.9569
FW_SR_TASKS,1024,256,0.6525
FW_SR_TASKS,1024,128,0.5670
FW_SR_TASKS,1024,64,0.4548
FW,2048,13.2927
FW_SR,2048,1024,8.6628
FW_SR,2048,512,6.9848
FW_SR,2048,256,6.3971
FW_SR,2048,128,5.6123
FW_SR,2048,64,6.1381
FW_TILED,2048,1024,8.8526
FW_TILED,2048,512,7.0111
FW_TILED,2048,256,6.3347
FW_TILED,2048,128,5.6026
FW_TILED,2048,64,5.9193
FW_TILED_PARALLEL_FOR,2048,1024,10.5988
FW_TILED_PARALLEL_FOR,2048,512,5.8978
FW_TILED_PARALLEL_FOR,2048,256,4.1193
FW_TILED_PARALLEL_FOR,2048,128,3.1920
FW_TILED_PARALLEL_FOR,2048,64,3.1113
FW_TILED_PARALLEL_TASKS,2048,1024,13.3695
FW_TILED_PARALLEL_TASKS,2048,512,11.7888
FW_TILED_PARALLEL_TASKS,2048,256,14.7955
FW_TILED_PARALLEL_TASKS,2048,128,14.8419
FW_TILED_PARALLEL_TASKS,2048,64,27.0768
FW_SR_SECTIONS,2048,1024,7.5397
FW_SR_SECTIONS,2048,512,5.1573
FW_SR_SECTIONS,2048,256,4.1113
FW_SR_SECTIONS,2048,128,3.4543
FW_SR_SECTIONS,2048,64,3.3894
FW_SR_TASKS,2048,1024,7.5019
FW_SR_TASKS,2048,512,4.9842
FW_SR_TASKS,2048,256,3.8927
FW_SR_TASKS,2048,128,3.2439
FW_SR_TASKS,2048,64,3.2996
FW,4096,109.5553
FW_SR,4096,2048,80.1438
FW_SR,4096,1024,53.7402
FW_SR,4096,512,48.4506
FW_SR,4096,256,51.1594
FW_SR,4096,128,43.1905
FW_SR,4096,64,48.7970
FW_TILED,4096,2048,81.4868
FW_TILED,4096,1024,53.9712
FW_TILED,4096,512,48.2962
FW_TILED,4096,256,50.4758
FW_TILED,4096,128,41.9771
FW_TILED,4096,64,47.2920
FW_TILED_PARALLEL_FOR,4096,2048,85.4333
FW_TILED_PARALLEL_FOR,4096,1024,42.5708
FW_TILED_PARALLEL_FOR,4096,512,30.2040
FW_TILED_PARALLEL_FOR,4096,256,28.1396
FW_TILED_PARALLEL_FOR,4096,128,22.7155
FW_TILED_PARALLEL_FOR,4096,64,24.3107
FW_TILED_PARALLEL_TASKS,4096,2048,108.3530
FW_TILED_PARALLEL_TASKS,4096,1024,72.5470
FW_TILED_PARALLEL_TASKS,4096,512,89.5010
FW_TILED_PARALLEL_TASKS,4096,256,124.3867
FW_TILED_PARALLEL_TASKS,4096,128,135.2280
FW_TILED_PARALLEL_TASKS,4096,64,223.5382
FW_SR_SECTIONS,4096,2048,74.1923
FW_SR_SECTIONS,4096,1024,39.6919
FW_SR_SECTIONS,4096,512,30.9291
FW_SR_SECTIONS,4096,256,29.3050
FW_SR_SECTIONS,4096,128,24.3421
FW_SR_SECTIONS,4096,64,25.6793
FW_SR_TASKS,4096,2048,68.2265
FW_SR_TASKS,4096,1024,38.3619
FW_SR_TASKS,4096,512,28.9564
FW_SR_TASKS,4096,256,28.3146
FW_SR_TASKS,4096,128,22.8066
FW_SR_TASKS,4096,64,25.4611
threads,4
FW,1024,1.5722
FW_SR,1024,512,1.1015
FW_SR,1024,256,0.9080
FW_SR,1024,128,0.7577
FW_SR,1024,64,0.7778
FW_TILED,1024,512,1.1220
FW_TILED,1024,256,0.9074
FW_TILED,1024,128,0.7607
FW_TILED,1024,64,0.7491
FW_TILED_PARALLEL_FOR,1024,512,2.1466
FW_TILED_PARALLEL_FOR,1024,256,0.9529
FW_TILED_PARALLEL_FOR,1024,128,0.4713
FW_TILED_PARALLEL_FOR,1024,64,0.2878
FW_TILED_PARALLEL_TASKS,1024,512,4.0407
FW_TILED_PARALLEL_TASKS,1024,256,3.3548
FW_TILED_PARALLEL_TASKS,1024,128,2.1861
FW_TILED_PARALLEL_TASKS,1024,64,2.2809
FW_SR_SECTIONS,1024,512,0.9596
FW_SR_SECTIONS,1024,256,0.6765
FW_SR_SECTIONS,1024,128,0.5365
FW_SR_SECTIONS,1024,64,0.4704
FW_SR_TASKS,1024,512,0.9577
FW_SR_TASKS,1024,256,0.6335
FW_SR_TASKS,1024,128,0.4399
FW_SR_TASKS,1024,64,0.3777
FW,2048,13.2892
FW_SR,2048,1024,8.7036
FW_SR,2048,512,6.9772
FW_SR,2048,256,6.4018
FW_SR,2048,128,5.6389
FW_SR,2048,64,6.1760
FW_TILED,2048,1024,8.8493
FW_TILED,2048,512,7.0084
FW_TILED,2048,256,6.3323
FW_TILED,2048,128,5.5990
FW_TILED,2048,64,5.9189
FW_TILED_PARALLEL_FOR,2048,1024,14.4631
FW_TILED_PARALLEL_FOR,2048,512,6.2743
FW_TILED_PARALLEL_FOR,2048,256,3.4904
FW_TILED_PARALLEL_FOR,2048,128,2.0945
FW_TILED_PARALLEL_FOR,2048,64,1.7561
FW_TILED_PARALLEL_TASKS,2048,1024,25.1704
FW_TILED_PARALLEL_TASKS,2048,512,18.2698
FW_TILED_PARALLEL_TASKS,2048,256,16.1102
FW_TILED_PARALLEL_TASKS,2048,128,14.8504
FW_TILED_PARALLEL_TASKS,2048,64,18.6027
FW_SR_SECTIONS,2048,1024,7.5098
FW_SR_SECTIONS,2048,512,5.1628
FW_SR_SECTIONS,2048,256,4.1198
FW_SR_SECTIONS,2048,128,3.4591
FW_SR_SECTIONS,2048,64,3.4158
FW_SR_TASKS,2048,1024,7.5016
FW_SR_TASKS,2048,512,4.8343
FW_SR_TASKS,2048,256,3.3716
FW_SR_TASKS,2048,128,2.5698
FW_SR_TASKS,2048,64,2.4158
FW,4096,109.5156
FW_SR,4096,2048,80.0238
FW_SR,4096,1024,53.6779
FW_SR,4096,512,48.4560
FW_SR,4096,256,51.1619
FW_SR,4096,128,43.2070
FW_SR,4096,64,48.7802
FW_TILED,4096,2048,81.2998
FW_TILED,4096,1024,53.9604
FW_TILED,4096,512,48.2778
FW_TILED,4096,256,50.4666
FW_TILED,4096,128,42.5538
FW_TILED,4096,64,47.2968
FW_TILED_PARALLEL_FOR,4096,2048,115.0704
FW_TILED_PARALLEL_FOR,4096,1024,43.8570
FW_TILED_PARALLEL_FOR,4096,512,23.8293
FW_TILED_PARALLEL_FOR,4096,256,17.6482
FW_TILED_PARALLEL_FOR,4096,128,12.6060
FW_TILED_PARALLEL_FOR,4096,64,12.6534
FW_TILED_PARALLEL_TASKS,4096,2048,190.8892
FW_TILED_PARALLEL_TASKS,4096,1024,133.0406
FW_TILED_PARALLEL_TASKS,4096,512,84.1435
FW_TILED_PARALLEL_TASKS,4096,256,106.4704
FW_TILED_PARALLEL_TASKS,4096,128,103.7584
FW_TILED_PARALLEL_TASKS,4096,64,157.3859
FW_SR_SECTIONS,4096,2048,74.2346
FW_SR_SECTIONS,4096,1024,39.7107
FW_SR_SECTIONS,4096,512,30.9753
FW_SR_SECTIONS,4096,256,29.2977
FW_SR_SECTIONS,4096,128,24.3128
FW_SR_SECTIONS,4096,64,25.6821
FW_SR_TASKS,4096,2048,68.3225
FW_SR_TASKS,4096,1024,37.2047
FW_SR_TASKS,4096,512,25.2480
FW_SR_TASKS,4096,256,20.5417
FW_SR_TASKS,4096,128,16.4500
FW_SR_TASKS,4096,64,20.0193
threads,8
FW,1024,1.5717
FW_SR,1024,512,1.1017
FW_SR,1024,256,0.9084
FW_SR,1024,128,0.7613
FW_SR,1024,64,0.7801
FW_TILED,1024,512,1.1226
FW_TILED,1024,256,0.9069
FW_TILED,1024,128,0.7628
FW_TILED,1024,64,0.7505
FW_TILED_PARALLEL_FOR,1024,512,2.1564
FW_TILED_PARALLEL_FOR,1024,256,0.9651
FW_TILED_PARALLEL_FOR,1024,128,0.4243
FW_TILED_PARALLEL_FOR,1024,64,0.2233
FW_TILED_PARALLEL_TASKS,1024,512,5.1339
FW_TILED_PARALLEL_TASKS,1024,256,4.5869
FW_TILED_PARALLEL_TASKS,1024,128,3.6923
FW_TILED_PARALLEL_TASKS,1024,64,3.6978
FW_SR_SECTIONS,1024,512,0.9602
FW_SR_SECTIONS,1024,256,0.6730
FW_SR_SECTIONS,1024,128,0.5146
FW_SR_SECTIONS,1024,64,0.4612
FW_SR_TASKS,1024,512,0.9544
FW_SR_TASKS,1024,256,0.6322
FW_SR_TASKS,1024,128,0.4412
FW_SR_TASKS,1024,64,0.3315
FW,2048,13.3109
FW_SR,2048,1024,8.6623
FW_SR,2048,512,6.9879
FW_SR,2048,256,6.3926
FW_SR,2048,128,5.6227
FW_SR,2048,64,6.1348
FW_TILED,2048,1024,8.8367
FW_TILED,2048,512,7.0116
FW_TILED,2048,256,6.3340
FW_TILED,2048,128,5.6061
FW_TILED,2048,64,5.9111
FW_TILED_PARALLEL_FOR,2048,1024,14.3790
FW_TILED_PARALLEL_FOR,2048,512,6.5543
FW_TILED_PARALLEL_FOR,2048,256,2.9759
FW_TILED_PARALLEL_FOR,2048,128,1.5672
FW_TILED_PARALLEL_FOR,2048,64,1.0994
FW_TILED_PARALLEL_TASKS,2048,1024,32.6779
FW_TILED_PARALLEL_TASKS,2048,512,25.4105
FW_TILED_PARALLEL_TASKS,2048,256,21.2904
FW_TILED_PARALLEL_TASKS,2048,128,21.6433
FW_TILED_PARALLEL_TASKS,2048,64,29.8016
FW_SR_SECTIONS,2048,1024,7.5117
FW_SR_SECTIONS,2048,512,5.1586
FW_SR_SECTIONS,2048,256,4.1315
FW_SR_SECTIONS,2048,128,3.5058
FW_SR_SECTIONS,2048,64,3.4097
FW_SR_TASKS,2048,1024,7.5019
FW_SR_TASKS,2048,512,4.8236
FW_SR_TASKS,2048,256,3.3741
FW_SR_TASKS,2048,128,2.4403
FW_SR_TASKS,2048,64,2.0201
FW,4096,109.4817
FW_SR,4096,2048,80.3220
FW_SR,4096,1024,53.7389
FW_SR,4096,512,48.4879
FW_SR,4096,256,51.1864
FW_SR,4096,128,43.2156
FW_SR,4096,64,49.1404
FW_TILED,4096,2048,81.4848
FW_TILED,4096,1024,54.0303
FW_TILED,4096,512,48.3068
FW_TILED,4096,256,50.4880
FW_TILED,4096,128,42.5809
FW_TILED,4096,64,47.3048
FW_TILED_PARALLEL_FOR,4096,2048,109.1124
FW_TILED_PARALLEL_FOR,4096,1024,44.1747
FW_TILED_PARALLEL_FOR,4096,512,19.9288
FW_TILED_PARALLEL_FOR,4096,256,12.1807
FW_TILED_PARALLEL_FOR,4096,128,7.5993
FW_TILED_PARALLEL_FOR,4096,64,6.9595
FW_TILED_PARALLEL_TASKS,4096,2048,206.2706
FW_TILED_PARALLEL_TASKS,4096,1024,157.5704
FW_TILED_PARALLEL_TASKS,4096,512,115.7514
FW_TILED_PARALLEL_TASKS,4096,256,112.1999
FW_TILED_PARALLEL_TASKS,4096,128,135.1385
FW_TILED_PARALLEL_TASKS,4096,64,210.4483
FW_SR_SECTIONS,4096,2048,74.2952
FW_SR_SECTIONS,4096,1024,39.7137
FW_SR_SECTIONS,4096,512,31.0317
FW_SR_SECTIONS,4096,256,29.3191
FW_SR_SECTIONS,4096,128,24.4597
FW_SR_SECTIONS,4096,64,25.7045
FW_SR_TASKS,4096,2048,68.2684
FW_SR_TASKS,4096,1024,37.2035
FW_SR_TASKS,4096,512,25.2326
FW_SR_TASKS,4096,256,19.4258
FW_SR_TASKS,4096,128,13.9453
FW_SR_TASKS,4096,64,12.6578
threads,16
FW,1024,1.5720
FW_SR,1024,512,1.1015
FW_SR,1024,256,0.9083
FW_SR,1024,128,0.7590
FW_SR,1024,64,0.7781
FW_TILED,1024,512,1.1223
FW_TILED,1024,256,0.9074
FW_TILED,1024,128,0.7615
FW_TILED,1024,64,0.7494
FW_TILED_PARALLEL_FOR,1024,512,2.4380
FW_TILED_PARALLEL_FOR,1024,256,1.0829
FW_TILED_PARALLEL_FOR,1024,128,0.4962
FW_TILED_PARALLEL_FOR,1024,64,0.2289
FW_TILED_PARALLEL_TASKS,1024,512,5.8422
FW_TILED_PARALLEL_TASKS,1024,256,5.6303
FW_TILED_PARALLEL_TASKS,1024,128,4.9207
FW_TILED_PARALLEL_TASKS,1024,64,5.3507
FW_SR_SECTIONS,1024,512,0.9597
FW_SR_SECTIONS,1024,256,0.6728
FW_SR_SECTIONS,1024,128,0.5780
FW_SR_SECTIONS,1024,64,0.4599
FW_SR_TASKS,1024,512,0.9524
FW_SR_TASKS,1024,256,0.6310
FW_SR_TASKS,1024,128,0.4369
FW_SR_TASKS,1024,64,0.3342
FW,2048,13.2925
FW_SR,2048,1024,8.6613
FW_SR,2048,512,6.9800
FW_SR,2048,256,6.3986
FW_SR,2048,128,5.6045
FW_SR,2048,64,6.1339
FW_TILED,2048,1024,8.8477
FW_TILED,2048,512,7.0112
FW_TILED,2048,256,6.3356
FW_TILED,2048,128,5.5922
FW_TILED,2048,64,5.9110
FW_TILED_PARALLEL_FOR,2048,1024,15.4090
FW_TILED_PARALLEL_FOR,2048,512,7.1681
FW_TILED_PARALLEL_FOR,2048,256,3.1882
FW_TILED_PARALLEL_FOR,2048,128,1.4068
FW_TILED_PARALLEL_FOR,2048,64,0.8797
FW_TILED_PARALLEL_TASKS,2048,1024,35.1780
FW_TILED_PARALLEL_TASKS,2048,512,36.9200
FW_TILED_PARALLEL_TASKS,2048,256,32.1109
FW_TILED_PARALLEL_TASKS,2048,128,28.1595
FW_TILED_PARALLEL_TASKS,2048,64,36.2820
FW_SR_SECTIONS,2048,1024,7.5306
FW_SR_SECTIONS,2048,512,5.1418
FW_SR_SECTIONS,2048,256,4.0980
FW_SR_SECTIONS,2048,128,3.5642
FW_SR_SECTIONS,2048,64,3.4755
FW_SR_TASKS,2048,1024,7.5071
FW_SR_TASKS,2048,512,4.8258
FW_SR_TASKS,2048,256,3.3433
FW_SR_TASKS,2048,128,2.4247
FW_SR_TASKS,2048,64,1.9753
FW,4096,109.5201
FW_SR,4096,2048,80.3438
FW_SR,4096,1024,53.7116
FW_SR,4096,512,48.4828
FW_SR,4096,256,51.1551
FW_SR,4096,128,43.3007
FW_SR,4096,64,48.7999
FW_TILED,4096,2048,81.5206
FW_TILED,4096,1024,54.0341
FW_TILED,4096,512,48.3113
FW_TILED,4096,256,50.4711
FW_TILED,4096,128,42.6066
FW_TILED,4096,64,47.2911
FW_TILED_PARALLEL_FOR,4096,2048,163.1900
FW_TILED_PARALLEL_FOR,4096,1024,46.2340
FW_TILED_PARALLEL_FOR,4096,512,20.7949
FW_TILED_PARALLEL_FOR,4096,256,10.2124
FW_TILED_PARALLEL_FOR,4096,128,5.5320
FW_TILED_PARALLEL_FOR,4096,64,4.3187
FW_TILED_PARALLEL_TASKS,4096,2048,223.5865
FW_TILED_PARALLEL_TASKS,4096,1024,218.0174
FW_TILED_PARALLEL_TASKS,4096,512,155.9264
FW_TILED_PARALLEL_TASKS,4096,256,166.1126
FW_TILED_PARALLEL_TASKS,4096,128,187.0958
FW_TILED_PARALLEL_TASKS,4096,64,242.2795
FW_SR_SECTIONS,4096,2048,75.5040
FW_SR_SECTIONS,4096,1024,39.8578
FW_SR_SECTIONS,4096,512,30.8944
FW_SR_SECTIONS,4096,256,29.3636
FW_SR_SECTIONS,4096,128,24.4278
FW_SR_SECTIONS,4096,64,25.7569
FW_SR_TASKS,4096,2048,68.2316
FW_SR_TASKS,4096,1024,37.2017
FW_SR_TASKS,4096,512,25.2566
FW_SR_TASKS,4096,256,19.3884
FW_SR_TASKS,4096,128,13.5287
FW_SR_TASKS,4096,64,11.4726
threads,32
FW,1024,1.5723
FW_SR,1024,512,1.1017
FW_SR,1024,256,0.9085
FW_SR,1024,128,0.7594
FW_SR,1024,64,0.7779
FW_TILED,1024,512,1.1225
FW_TILED,1024,256,0.9071
FW_TILED,1024,128,0.7612
FW_TILED,1024,64,0.7499
FW_TILED_PARALLEL_FOR,1024,512,2.8786
FW_TILED_PARALLEL_FOR,1024,256,1.2943
FW_TILED_PARALLEL_FOR,1024,128,0.6267
FW_TILED_PARALLEL_FOR,1024,64,0.4095
FW_TILED_PARALLEL_TASKS,1024,512,7.3035
FW_TILED_PARALLEL_TASKS,1024,256,7.9753
FW_TILED_PARALLEL_TASKS,1024,128,6.7654
FW_TILED_PARALLEL_TASKS,1024,64,6.3512
FW_SR_SECTIONS,1024,512,0.9799
FW_SR_SECTIONS,1024,256,0.6757
FW_SR_SECTIONS,1024,128,0.5642
FW_SR_SECTIONS,1024,64,0.4974
FW_SR_TASKS,1024,512,0.9610
FW_SR_TASKS,1024,256,0.6314
FW_SR_TASKS,1024,128,0.4627
FW_SR_TASKS,1024,64,0.4315
FW,2048,13.2473
FW_SR,2048,1024,8.6603
FW_SR,2048,512,6.9750
FW_SR,2048,256,6.4000
FW_SR,2048,128,5.6141
FW_SR,2048,64,6.1310
FW_TILED,2048,1024,8.8333
FW_TILED,2048,512,7.0097
FW_TILED,2048,256,6.3333
FW_TILED,2048,128,5.5956
FW_TILED,2048,64,5.9109
FW_TILED_PARALLEL_FOR,2048,1024,16.8988
FW_TILED_PARALLEL_FOR,2048,512,7.7470
FW_TILED_PARALLEL_FOR,2048,256,3.6031
FW_TILED_PARALLEL_FOR,2048,128,1.7622
FW_TILED_PARALLEL_FOR,2048,64,1.0424
FW_TILED_PARALLEL_TASKS,2048,1024,40.2330
FW_TILED_PARALLEL_TASKS,2048,512,46.5913
FW_TILED_PARALLEL_TASKS,2048,256,42.7682
FW_TILED_PARALLEL_TASKS,2048,128,35.5052
FW_TILED_PARALLEL_TASKS,2048,64,41.7310
FW_SR_SECTIONS,2048,1024,7.5898
FW_SR_SECTIONS,2048,512,5.1406
FW_SR_SECTIONS,2048,256,4.0912
FW_SR_SECTIONS,2048,128,3.7417
FW_SR_SECTIONS,2048,64,3.4951
FW_SR_TASKS,2048,1024,7.5280
FW_SR_TASKS,2048,512,4.8329
FW_SR_TASKS,2048,256,3.3479
FW_SR_TASKS,2048,128,2.5525
FW_SR_TASKS,2048,64,2.3567
FW,4096,109.4776
FW_SR,4096,2048,80.1858
FW_SR,4096,1024,53.6616
FW_SR,4096,512,48.4557
FW_SR,4096,256,51.1434
FW_SR,4096,128,43.2975
FW_SR,4096,64,48.7997
FW_TILED,4096,2048,81.4166
FW_TILED,4096,1024,53.9804
FW_TILED,4096,512,48.2863
FW_TILED,4096,256,50.4841
FW_TILED,4096,128,42.5750
FW_TILED,4096,64,47.2949
FW_TILED_PARALLEL_FOR,4096,2048,154.1595
FW_TILED_PARALLEL_FOR,4096,1024,49.4339
FW_TILED_PARALLEL_FOR,4096,512,22.1771
FW_TILED_PARALLEL_FOR,4096,256,11.1591
FW_TILED_PARALLEL_FOR,4096,128,5.3975
FW_TILED_PARALLEL_FOR,4096,64,4.2552
FW_TILED_PARALLEL_TASKS,4096,2048,253.7934
FW_TILED_PARALLEL_TASKS,4096,1024,277.6442
FW_TILED_PARALLEL_TASKS,4096,512,201.0970
FW_TILED_PARALLEL_TASKS,4096,256,205.2778
FW_TILED_PARALLEL_TASKS,4096,128,198.5225
FW_TILED_PARALLEL_TASKS,4096,64,267.4339
FW_SR_SECTIONS,4096,2048,79.0945
FW_SR_SECTIONS,4096,1024,39.9708
FW_SR_SECTIONS,4096,512,30.9566
FW_SR_SECTIONS,4096,256,29.2915
FW_SR_SECTIONS,4096,128,24.8352
FW_SR_SECTIONS,4096,64,25.9934
FW_SR_TASKS,4096,2048,68.4158
FW_SR_TASKS,4096,1024,37.3196
FW_SR_TASKS,4096,512,25.2577
FW_SR_TASKS,4096,256,19.4491
FW_SR_TASKS,4096,128,14.2847
FW_SR_TASKS,4096,64,13.0946
threads,64
FW,1024,1.5717
FW_SR,1024,512,1.1017
FW_SR,1024,256,0.9085
FW_SR,1024,128,0.7592
FW_SR,1024,64,0.7774
FW_TILED,1024,512,1.1225
FW_TILED,1024,256,0.9181
FW_TILED,1024,128,0.7598
FW_TILED,1024,64,0.7493
FW_TILED_PARALLEL_FOR,1024,512,3.8319
FW_TILED_PARALLEL_FOR,1024,256,1.9120
FW_TILED_PARALLEL_FOR,1024,128,1.1768
FW_TILED_PARALLEL_FOR,1024,64,0.7809
FW_TILED_PARALLEL_TASKS,1024,512,9.8828
FW_TILED_PARALLEL_TASKS,1024,256,13.8935
FW_TILED_PARALLEL_TASKS,1024,128,12.6820
FW_TILED_PARALLEL_TASKS,1024,64,12.4098
FW_SR_SECTIONS,1024,512,0.9864
FW_SR_SECTIONS,1024,256,0.7068
FW_SR_SECTIONS,1024,128,0.6257
FW_SR_SECTIONS,1024,64,0.6755
FW_SR_TASKS,1024,512,0.9652
FW_SR_TASKS,1024,256,0.6739
FW_SR_TASKS,1024,128,0.4607
FW_SR_TASKS,1024,64,0.6246
FW,2048,13.2870
FW_SR,2048,1024,8.6656
FW_SR,2048,512,6.9798
FW_SR,2048,256,6.4010
FW_SR,2048,128,5.6201
FW_SR,2048,64,6.1326
FW_TILED,2048,1024,8.8513
FW_TILED,2048,512,7.0114
FW_TILED,2048,256,6.3342
FW_TILED,2048,128,5.5948
FW_TILED,2048,64,5.9097
FW_TILED_PARALLEL_FOR,2048,1024,20.9993
FW_TILED_PARALLEL_FOR,2048,512,9.7614
FW_TILED_PARALLEL_FOR,2048,256,4.6982
FW_TILED_PARALLEL_FOR,2048,128,2.7097
FW_TILED_PARALLEL_FOR,2048,64,1.8313
FW_TILED_PARALLEL_TASKS,2048,1024,49.6073
FW_TILED_PARALLEL_TASKS,2048,512,77.8169
FW_TILED_PARALLEL_TASKS,2048,256,77.5334
FW_TILED_PARALLEL_TASKS,2048,128,60.7128
FW_TILED_PARALLEL_TASKS,2048,64,52.9392
FW_SR_SECTIONS,2048,1024,7.5860
FW_SR_SECTIONS,2048,512,5.1837
FW_SR_SECTIONS,2048,256,4.3009
FW_SR_SECTIONS,2048,128,3.9898
FW_SR_SECTIONS,2048,64,4.3117
FW_SR_TASKS,2048,1024,7.5491
FW_SR_TASKS,2048,512,4.8935
FW_SR_TASKS,2048,256,3.4456
FW_SR_TASKS,2048,128,2.6688
FW_SR_TASKS,2048,64,3.2681
FW,4096,109.4784
FW_SR,4096,2048,80.1480
FW_SR,4096,1024,53.7421
FW_SR,4096,512,48.4760
FW_SR,4096,256,51.1502
FW_SR,4096,128,43.2915
FW_SR,4096,64,48.7896
FW_TILED,4096,2048,81.5388
FW_TILED,4096,1024,54.0454
FW_TILED,4096,512,48.3017
FW_TILED,4096,256,50.4678
FW_TILED,4096,128,42.5977
FW_TILED,4096,64,47.2766
FW_TILED_PARALLEL_FOR,4096,2048,160.5525
FW_TILED_PARALLEL_FOR,4096,1024,58.5260
FW_TILED_PARALLEL_FOR,4096,512,26.1072
FW_TILED_PARALLEL_FOR,4096,256,13.2751
FW_TILED_PARALLEL_FOR,4096,128,7.4155
FW_TILED_PARALLEL_FOR,4096,64,4.9866
FW_TILED_PARALLEL_TASKS,4096,2048,300.8706
FW_TILED_PARALLEL_TASKS,4096,1024,349.5382
FW_TILED_PARALLEL_TASKS,4096,512,338.5272
FW_TILED_PARALLEL_TASKS,4096,256,316.2549
FW_TILED_PARALLEL_TASKS,4096,128,279.5813
FW_TILED_PARALLEL_TASKS,4096,64,303.7291
FW_SR_SECTIONS,4096,2048,76.2849
FW_SR_SECTIONS,4096,1024,39.7802
FW_SR_SECTIONS,4096,512,31.1666
FW_SR_SECTIONS,4096,256,29.8926
FW_SR_SECTIONS,4096,128,26.2736
FW_SR_SECTIONS,4096,64,28.5958
FW_SR_TASKS,4096,2048,68.2736
FW_SR_TASKS,4096,1024,37.7354
FW_SR_TASKS,4096,512,25.3850
FW_SR_TASKS,4096,256,19.5436
FW_SR_TASKS,4096,128,15.6950
FW_SR_TASKS,4096,64,18.1792
